<?xml version="1.0" encoding="UTF-8"?>
<!-- Generated by org.testng.reporters.JUnitReportReporter -->
<testsuite hostname="DESKTOP-0UIJTDU" failures="0" tests="1" name="anotations.AnotacionesBase" time="0.007" errors="0" timestamp="2023-08-11T15:44:19 ART" skipped="0">
  <testcase classname="anotations.AnotacionesBase" name="codigoDelaPrueba" time="0.007"/>
</testsuite> <!-- anotations.AnotacionesBase -->
