<?xml version="1.0" encoding="UTF-8"?>
<!-- Generated by org.testng.reporters.JUnitReportReporter -->
<testsuite hostname="DESKTOP-0UIJTDU" failures="0" tests="1" name="iframes.EsperasClase" time="6.649" errors="0" timestamp="2023-08-15T00:30:08 ART" skipped="0">
  <testcase classname="iframes.EsperasClase" name="esperaImplicitaExplicita" time="6.649"/>
</testsuite> <!-- iframes.EsperasClase -->
