<?xml version="1.0" encoding="UTF-8"?>
<!-- Generated by org.testng.reporters.JUnitReportReporter -->
<testsuite hostname="DESKTOP-0UIJTDU" failures="0" tests="1" name="iframes.IframesPruebas" time="2.102" errors="0" timestamp="2023-08-14T17:28:01 ART" skipped="0">
  <testcase classname="iframes.IframesPruebas" name="trabajarConIframe" time="2.102"/>
</testsuite> <!-- iframes.IframesPruebas -->
