<?xml version="1.0" encoding="UTF-8"?>
<!-- Generated by org.testng.reporters.JUnitReportReporter -->
<testsuite hostname="DESKTOP-0UIJTDU" failures="0" tests="2" name="anotations.AnotationesBase" time="0.013" errors="0" timestamp="2023-08-14T12:14:17 ART" skipped="0">
  <testcase classname="anotations.AnotationesBase" name="pruebaDos" time="0.003"/>
  <testcase classname="anotations.AnotationesBase" name="pruebaUno" time="0.010"/>
</testsuite> <!-- anotations.AnotationesBase -->
