<?xml version="1.0" encoding="UTF-8"?>
<!-- Generated by org.testng.reporters.JUnitReportReporter -->
<testsuite hostname="DESKTOP-0UIJTDU" failures="0" tests="1" name="testcase.FormularioContacto" time="96.513" errors="0" timestamp="2023-08-16T20:26:40 ART" skipped="0">
  <testcase classname="testcase.FormularioContacto" name="aplicarDataForm" time="96.513"/>
</testsuite> <!-- testcase.FormularioContacto -->
