<?xml version="1.0" encoding="UTF-8"?>
<!-- Generated by org.testng.reporters.JUnitReportReporter -->
<testsuite hostname="DESKTOP-0UIJTDU" failures="0" tests="4" name="anotations.TercerSet" time="0.005" errors="0" timestamp="2023-08-14T12:14:17 ART" skipped="0">
  <testcase classname="anotations.TercerSet" name="tercerSetPruebaTres" time="0.001"/>
  <testcase classname="anotations.TercerSet" name="tercerSetPruebaCuarta" time="0.001"/>
  <testcase classname="anotations.TercerSet" name="tercerSetPruebaUno" time="0.001"/>
  <testcase classname="anotations.TercerSet" name="tercerSetPruebaDos" time="0.002"/>
</testsuite> <!-- anotations.TercerSet -->
