<?xml version="1.0" encoding="UTF-8"?>
<!-- Generated by org.testng.reporters.JUnitReportReporter -->
<testsuite hostname="DESKTOP-0UIJTDU" failures="0" tests="8" name="anotations.SegundoSet" time="0.011" errors="0" timestamp="2023-08-14T12:14:17 ART" skipped="0">
  <testcase classname="anotations.SegundoSet" name="clickAlUsuario" time="0.001"/>
  <testcase classname="anotations.SegundoSet" name="clickAlHome" time="0.002"/>
  <testcase classname="anotations.SegundoSet" name="pruebaCinco" time="0.001"/>
  <testcase classname="anotations.SegundoSet" name="clickAlCarrito" time="0.002"/>
  <testcase classname="anotations.SegundoSet" name="pruebaCuatro" time="0.001"/>
  <testcase classname="anotations.SegundoSet" name="pruebaTres" time="0.002"/>
  <testcase classname="anotations.SegundoSet" name="clickAlCarrito" time="0.001"/>
  <testcase classname="anotations.SegundoSet" name="clickAlCarrito" time="0.001"/>
</testsuite> <!-- anotations.SegundoSet -->
